  glad.c
  Mesh.cpp
  Camera.cpp
  App.cpp
C:\Users\Antonio\source\repos\Engine\Engine\src\App.cpp(109,11): warning C4244:  '=': conversione da 'double' a 'float'. Possibile perdita di dati.
C:\Users\Antonio\source\repos\Engine\Engine\src\App.cpp(110,11): warning C4244:  '=': conversione da 'double' a 'float'. Possibile perdita di dati.
C:\Users\Antonio\source\repos\Engine\Engine\src\App.cpp(115,16): warning C4244:  'inizializzazione': conversione da 'double' a 'float'. Possibile perdita di dati.
C:\Users\Antonio\source\repos\Engine\Engine\src\App.cpp(116,16): warning C4244:  'inizializzazione': conversione da 'double' a 'float'. Possibile perdita di dati.
C:\Users\Antonio\source\repos\Engine\Engine\src\App.cpp(117,10): warning C4244:  '=': conversione da 'double' a 'float'. Possibile perdita di dati.
C:\Users\Antonio\source\repos\Engine\Engine\src\App.cpp(118,10): warning C4244:  '=': conversione da 'double' a 'float'. Possibile perdita di dati.
C:\Users\Antonio\source\repos\Engine\Engine\src\App.cpp(275,21): warning C4244:  'inizializzazione': conversione da 'double' a 'float'. Possibile perdita di dati.
C:\Users\Antonio\source\repos\Engine\Engine\src\App.cpp(317,51): warning C4305:  'argomento': troncamento da 'double' a 'float'
C:\Users\Antonio\source\repos\Engine\Engine\src\App.cpp(318,55): warning C4305:  'argomento': troncamento da 'double' a 'float'
C:\Users\Antonio\source\repos\Engine\Engine\src\App.cpp(333,51): warning C4305:  'argomento': troncamento da 'double' a 'float'
C:\Users\Antonio\source\repos\Engine\Engine\src\App.cpp(334,55): warning C4305:  'argomento': troncamento da 'double' a 'float'
C:\Users\Antonio\source\repos\Engine\Engine\src\App.cpp(349,51): warning C4305:  'argomento': troncamento da 'double' a 'float'
C:\Users\Antonio\source\repos\Engine\Engine\src\App.cpp(350,55): warning C4305:  'argomento': troncamento da 'double' a 'float'
C:\Users\Antonio\source\repos\Engine\Engine\src\App.cpp(365,51): warning C4305:  'argomento': troncamento da 'double' a 'float'
C:\Users\Antonio\source\repos\Engine\Engine\src\App.cpp(366,55): warning C4305:  'argomento': troncamento da 'double' a 'float'
  Shader.cpp
  stb_image.cpp
C:\Users\Antonio\source\repos\Engine\Engine\src\App.cpp(429,43): warning C4305:  'argomento': troncamento da 'double' a 'T'
C:\Users\Antonio\source\repos\Engine\Engine\src\App.cpp(429,43): warning C4305:         with
C:\Users\Antonio\source\repos\Engine\Engine\src\App.cpp(429,43): warning C4305:         [
C:\Users\Antonio\source\repos\Engine\Engine\src\App.cpp(429,43): warning C4305:             T=float
C:\Users\Antonio\source\repos\Engine\Engine\src\App.cpp(429,43): warning C4305:         ]
  Generazione codice in corso...
  Previous IPDB not found, fall back to full compilation.
  All 437 functions were compiled because no usable IPDB/IOBJ from previous compilation was found.
  Generazione codice terminata
  Engine.vcxproj -> C:\Users\Antonio\source\repos\Engine\x64\Release\Engine.exe
